<?xml version="1.0" encoding="UTF-8"?>
<testng-results total="1" passed="1" failed="0" skipped="0">
  <reporter-output>
  </reporter-output>
  <suite started-at="2022-05-18T21:22:03Z" name="Default suite" finished-at="2022-05-18T21:22:13Z" duration-ms="9696">
    <groups>
    </groups>
    <test started-at="2022-05-18T21:22:03Z" name="Default test" finished-at="2022-05-18T21:22:13Z" duration-ms="9696">
      <class name="test.suites.TestSuite1">
        <test-method is-config="true" signature="beforeTest()[pri:0, instance:test.suites.TestSuite1@63a5e46c]" started-at="2022-05-18T18:22:03Z" name="beforeTest" finished-at="2022-05-18T18:22:03Z" duration-ms="106" status="PASS">
          <reporter-output>
          </reporter-output>
        </test-method> <!-- beforeTest -->
        <test-method is-config="true" signature="beforeMethod()[pri:0, instance:test.suites.TestSuite1@63a5e46c]" started-at="2022-05-18T18:22:03Z" name="beforeMethod" finished-at="2022-05-18T18:22:11Z" duration-ms="8252" status="PASS">
          <reporter-output>
          </reporter-output>
        </test-method> <!-- beforeMethod -->
        <test-method signature="happyPath()[pri:1, instance:test.suites.TestSuite1@63a5e46c]" started-at="2022-05-18T18:22:11Z" name="happyPath" finished-at="2022-05-18T18:22:12Z" duration-ms="1244" status="PASS">
          <reporter-output>
          </reporter-output>
        </test-method> <!-- happyPath -->
        <test-method is-config="true" signature="afterMethod(org.testng.ITestResult)[pri:0, instance:test.suites.TestSuite1@63a5e46c]" started-at="2022-05-18T18:22:12Z" name="afterMethod" finished-at="2022-05-18T18:22:13Z" duration-ms="88" status="PASS">
          <params>
            <param index="0">
              <value>
                <![CDATA[[TestResult name=happyPath status=SUCCESS method=TestSuite1.happyPath()[pri:1, instance:test.suites.TestSuite1@63a5e46c] output={null}]]]>
              </value>
            </param>
          </params>
          <reporter-output>
          </reporter-output>
        </test-method> <!-- afterMethod -->
      </class> <!-- test.suites.TestSuite1 -->
    </test> <!-- Default test -->
  </suite> <!-- Default suite -->
</testng-results>
